{"D:\\Projects\\Web_Projects\\RideSync\\src\\features\\auth\\services\\authService.ts": {"path":"D:\\Projects\\Web_Projects\\RideSync\\src\\features\\auth\\services\\authService.ts","statementMap":{"0":{"start":{"line":11,"column":27},"end":{"line":50,"column":null}},"1":{"start":{"line":13,"column":28},"end":{"line":17,"column":20}},"2":{"start":{"line":19,"column":4},"end":{"line":19,"column":null}},"3":{"start":{"line":19,"column":15},"end":{"line":19,"column":null}},"4":{"start":{"line":20,"column":4},"end":{"line":20,"column":null}},"5":{"start":{"line":24,"column":28},"end":{"line":31,"column":15}},"6":{"start":{"line":33,"column":4},"end":{"line":33,"column":null}},"7":{"start":{"line":33,"column":15},"end":{"line":33,"column":null}},"8":{"start":{"line":34,"column":4},"end":{"line":34,"column":null}},"9":{"start":{"line":39,"column":28},"end":{"line":45,"column":15}},"10":{"start":{"line":47,"column":4},"end":{"line":47,"column":null}},"11":{"start":{"line":47,"column":15},"end":{"line":47,"column":null}},"12":{"start":{"line":48,"column":4},"end":{"line":48,"column":null}}},"fnMap":{"0":{"name":"(anonymous_0)","decl":{"start":{"line":12,"column":8},"end":{"line":12,"column":19}},"loc":{"start":{"line":12,"column":35},"end":{"line":20,"column":null}},"line":12},"1":{"name":"(anonymous_1)","decl":{"start":{"line":23,"column":8},"end":{"line":23,"column":22}},"loc":{"start":{"line":23,"column":66},"end":{"line":34,"column":null}},"line":23},"2":{"name":"(anonymous_2)","decl":{"start":{"line":38,"column":8},"end":{"line":38,"column":22}},"loc":{"start":{"line":38,"column":67},"end":{"line":48,"column":null}},"line":38}},"branchMap":{"0":{"loc":{"start":{"line":19,"column":4},"end":{"line":19,"column":null}},"type":"if","locations":[{"start":{"line":19,"column":4},"end":{"line":19,"column":null}},{"start":{},"end":{}}],"line":19},"1":{"loc":{"start":{"line":33,"column":4},"end":{"line":33,"column":null}},"type":"if","locations":[{"start":{"line":33,"column":4},"end":{"line":33,"column":null}},{"start":{},"end":{}}],"line":33},"2":{"loc":{"start":{"line":47,"column":4},"end":{"line":47,"column":null}},"type":"if","locations":[{"start":{"line":47,"column":4},"end":{"line":47,"column":null}},{"start":{},"end":{}}],"line":47}},"s":{"0":1,"1":0,"2":0,"3":0,"4":0,"5":0,"6":0,"7":0,"8":0,"9":0,"10":0,"11":0,"12":0},"f":{"0":0,"1":0,"2":0},"b":{"0":[0,0],"1":[0,0],"2":[0,0]},"meta":{"lastBranch":3,"lastFunction":3,"lastStatement":13,"seen":{"s:11:27:50:Infinity":0,"f:12:8:12:19":0,"s:13:28:17:20":1,"b:19:4:19:Infinity:undefined:undefined:undefined:undefined":0,"s:19:4:19:Infinity":2,"s:19:15:19:Infinity":3,"s:20:4:20:Infinity":4,"f:23:8:23:22":1,"s:24:28:31:15":5,"b:33:4:33:Infinity:undefined:undefined:undefined:undefined":1,"s:33:4:33:Infinity":6,"s:33:15:33:Infinity":7,"s:34:4:34:Infinity":8,"f:38:8:38:22":2,"s:39:28:45:15":9,"b:47:4:47:Infinity:undefined:undefined:undefined:undefined":2,"s:47:4:47:Infinity":10,"s:47:15:47:Infinity":11,"s:48:4:48:Infinity":12}}}
,"D:\\Projects\\Web_Projects\\RideSync\\src\\features\\auth\\store\\authStore.ts": {"path":"D:\\Projects\\Web_Projects\\RideSync\\src\\features\\auth\\store\\authStore.ts","statementMap":{"0":{"start":{"line":20,"column":6},"end":{"line":187,"column":3}},"1":{"start":{"line":20,"column":54},"end":{"line":187,"column":3}},"2":{"start":{"line":29,"column":4},"end":{"line":29,"column":null}},"3":{"start":{"line":29,"column":29},"end":{"line":29,"column":null}},"4":{"start":{"line":31,"column":4},"end":{"line":31,"column":null}},"5":{"start":{"line":33,"column":4},"end":{"line":71,"column":null}},"6":{"start":{"line":35,"column":29},"end":{"line":35,"column":55}},"7":{"start":{"line":36,"column":29},"end":{"line":36,"column":114}},"8":{"start":{"line":36,"column":56},"end":{"line":36,"column":113}},"9":{"start":{"line":36,"column":73},"end":{"line":36,"column":106}},"10":{"start":{"line":38,"column":36},"end":{"line":38,"column":88}},"11":{"start":{"line":40,"column":6},"end":{"line":65,"column":null}},"12":{"start":{"line":41,"column":8},"end":{"line":65,"column":null}},"13":{"start":{"line":43,"column":24},"end":{"line":43,"column":69}},"14":{"start":{"line":45,"column":10},"end":{"line":51,"column":null}},"15":{"start":{"line":46,"column":12},"end":{"line":46,"column":null}},"16":{"start":{"line":47,"column":12},"end":{"line":51,"column":null}},"17":{"start":{"line":54,"column":10},"end":{"line":54,"column":null}},"18":{"start":{"line":56,"column":10},"end":{"line":56,"column":null}},"19":{"start":{"line":58,"column":10},"end":{"line":65,"column":null}},"20":{"start":{"line":69,"column":6},"end":{"line":69,"column":null}},"21":{"start":{"line":71,"column":6},"end":{"line":71,"column":null}},"22":{"start":{"line":75,"column":4},"end":{"line":102,"column":null}},"23":{"start":{"line":76,"column":6},"end":{"line":76,"column":null}},"24":{"start":{"line":78,"column":6},"end":{"line":94,"column":null}},"25":{"start":{"line":79,"column":8},"end":{"line":94,"column":null}},"26":{"start":{"line":80,"column":10},"end":{"line":94,"column":null}},"27":{"start":{"line":81,"column":26},"end":{"line":81,"column":71}},"28":{"start":{"line":84,"column":12},"end":{"line":89,"column":null}},"29":{"start":{"line":85,"column":14},"end":{"line":89,"column":null}},"30":{"start":{"line":92,"column":12},"end":{"line":92,"column":null}},"31":{"start":{"line":94,"column":12},"end":{"line":94,"column":null}},"32":{"start":{"line":99,"column":6},"end":{"line":100,"column":null}},"33":{"start":{"line":100,"column":8},"end":{"line":100,"column":null}},"34":{"start":{"line":106,"column":4},"end":{"line":106,"column":null}},"35":{"start":{"line":108,"column":28},"end":{"line":111,"column":6}},"36":{"start":{"line":113,"column":4},"end":{"line":115,"column":null}},"37":{"start":{"line":114,"column":6},"end":{"line":114,"column":null}},"38":{"start":{"line":115,"column":6},"end":{"line":115,"column":null}},"39":{"start":{"line":118,"column":4},"end":{"line":135,"column":null}},"40":{"start":{"line":119,"column":6},"end":{"line":135,"column":null}},"41":{"start":{"line":120,"column":22},"end":{"line":120,"column":64}},"42":{"start":{"line":123,"column":8},"end":{"line":128,"column":null}},"43":{"start":{"line":124,"column":10},"end":{"line":128,"column":null}},"44":{"start":{"line":131,"column":8},"end":{"line":131,"column":null}},"45":{"start":{"line":132,"column":8},"end":{"line":132,"column":null}},"46":{"start":{"line":134,"column":8},"end":{"line":134,"column":null}},"47":{"start":{"line":135,"column":8},"end":{"line":135,"column":null}},"48":{"start":{"line":139,"column":4},"end":{"line":139,"column":null}},"49":{"start":{"line":143,"column":4},"end":{"line":143,"column":null}},"50":{"start":{"line":146,"column":28},"end":{"line":152,"column":6}},"51":{"start":{"line":154,"column":4},"end":{"line":156,"column":null}},"52":{"start":{"line":155,"column":6},"end":{"line":155,"column":null}},"53":{"start":{"line":156,"column":6},"end":{"line":156,"column":null}},"54":{"start":{"line":160,"column":4},"end":{"line":170,"column":null}},"55":{"start":{"line":161,"column":6},"end":{"line":170,"column":null}},"56":{"start":{"line":162,"column":24},"end":{"line":162,"column":82}},"57":{"start":{"line":163,"column":8},"end":{"line":163,"column":null}},"58":{"start":{"line":164,"column":8},"end":{"line":164,"column":null}},"59":{"start":{"line":166,"column":8},"end":{"line":166,"column":null}},"60":{"start":{"line":169,"column":8},"end":{"line":169,"column":null}},"61":{"start":{"line":170,"column":8},"end":{"line":170,"column":null}},"62":{"start":{"line":174,"column":4},"end":{"line":174,"column":null}},"63":{"start":{"line":178,"column":4},"end":{"line":178,"column":null}},"64":{"start":{"line":179,"column":22},"end":{"line":179,"column":51}},"65":{"start":{"line":180,"column":4},"end":{"line":181,"column":null}},"66":{"start":{"line":181,"column":6},"end":{"line":181,"column":null}},"67":{"start":{"line":183,"column":4},"end":{"line":183,"column":null}},"68":{"start":{"line":186,"column":20},"end":{"line":186,"column":null}}},"fnMap":{"0":{"name":"(anonymous_0)","decl":{"start":{"line":20,"column":21},"end":{"line":20,"column":40}},"loc":{"start":{"line":20,"column":54},"end":{"line":187,"column":3}},"line":20},"1":{"name":"(anonymous_1)","decl":{"start":{"line":27,"column":12},"end":{"line":27,"column":24}},"loc":{"start":{"line":27,"column":24},"end":{"line":102,"column":null}},"line":27},"2":{"name":"(anonymous_2)","decl":{"start":{"line":36,"column":33},"end":{"line":36,"column":42}},"loc":{"start":{"line":36,"column":56},"end":{"line":36,"column":113}},"line":36},"3":{"name":"(anonymous_3)","decl":{"start":{"line":36,"column":56},"end":{"line":36,"column":73}},"loc":{"start":{"line":36,"column":73},"end":{"line":36,"column":106}},"line":36},"4":{"name":"(anonymous_4)","decl":{"start":{"line":75,"column":36},"end":{"line":75,"column":43}},"loc":{"start":{"line":75,"column":62},"end":{"line":102,"column":null}},"line":75},"5":{"name":"(anonymous_5)","decl":{"start":{"line":105,"column":9},"end":{"line":105,"column":16}},"loc":{"start":{"line":105,"column":36},"end":{"line":139,"column":null}},"line":105},"6":{"name":"(anonymous_6)","decl":{"start":{"line":142,"column":10},"end":{"line":142,"column":17}},"loc":{"start":{"line":142,"column":43},"end":{"line":174,"column":null}},"line":142},"7":{"name":"(anonymous_7)","decl":{"start":{"line":177,"column":10},"end":{"line":177,"column":22}},"loc":{"start":{"line":177,"column":22},"end":{"line":183,"column":null}},"line":177},"8":{"name":"(anonymous_8)","decl":{"start":{"line":186,"column":2},"end":{"line":186,"column":20}},"loc":{"start":{"line":186,"column":20},"end":{"line":186,"column":null}},"line":186}},"branchMap":{"0":{"loc":{"start":{"line":29,"column":4},"end":{"line":29,"column":null}},"type":"if","locations":[{"start":{"line":29,"column":4},"end":{"line":29,"column":null}},{"start":{},"end":{}}],"line":29},"1":{"loc":{"start":{"line":40,"column":6},"end":{"line":65,"column":null}},"type":"if","locations":[{"start":{"line":40,"column":6},"end":{"line":65,"column":null}},{"start":{},"end":{}}],"line":40},"2":{"loc":{"start":{"line":45,"column":10},"end":{"line":51,"column":null}},"type":"if","locations":[{"start":{"line":45,"column":10},"end":{"line":51,"column":null}},{"start":{},"end":{}}],"line":45},"3":{"loc":{"start":{"line":49,"column":14},"end":{"line":49,"column":null}},"type":"binary-expr","locations":[{"start":{"line":49,"column":14},"end":{"line":49,"column":55}},{"start":{"line":49,"column":55},"end":{"line":49,"column":null}}],"line":49},"4":{"loc":{"start":{"line":50,"column":14},"end":{"line":50,"column":null}},"type":"binary-expr","locations":[{"start":{"line":50,"column":14},"end":{"line":50,"column":36}},{"start":{"line":50,"column":36},"end":{"line":50,"column":null}}],"line":50},"5":{"loc":{"start":{"line":61,"column":20},"end":{"line":61,"column":null}},"type":"binary-expr","locations":[{"start":{"line":61,"column":20},"end":{"line":61,"column":61}},{"start":{"line":61,"column":61},"end":{"line":61,"column":null}}],"line":61},"6":{"loc":{"start":{"line":62,"column":21},"end":{"line":62,"column":null}},"type":"binary-expr","locations":[{"start":{"line":62,"column":21},"end":{"line":62,"column":43}},{"start":{"line":62,"column":43},"end":{"line":62,"column":null}}],"line":62},"7":{"loc":{"start":{"line":78,"column":6},"end":{"line":94,"column":null}},"type":"if","locations":[{"start":{"line":78,"column":6},"end":{"line":94,"column":null}},{"start":{},"end":{}}],"line":78},"8":{"loc":{"start":{"line":78,"column":10},"end":{"line":78,"column":64}},"type":"binary-expr","locations":[{"start":{"line":78,"column":10},"end":{"line":78,"column":35}},{"start":{"line":78,"column":35},"end":{"line":78,"column":64}}],"line":78},"9":{"loc":{"start":{"line":79,"column":8},"end":{"line":94,"column":null}},"type":"if","locations":[{"start":{"line":79,"column":8},"end":{"line":94,"column":null}},{"start":{},"end":{}}],"line":79},"10":{"loc":{"start":{"line":84,"column":12},"end":{"line":89,"column":null}},"type":"if","locations":[{"start":{"line":84,"column":12},"end":{"line":89,"column":null}},{"start":{},"end":{}}],"line":84},"11":{"loc":{"start":{"line":87,"column":16},"end":{"line":87,"column":null}},"type":"binary-expr","locations":[{"start":{"line":87,"column":16},"end":{"line":87,"column":57}},{"start":{"line":87,"column":57},"end":{"line":87,"column":null}}],"line":87},"12":{"loc":{"start":{"line":88,"column":16},"end":{"line":88,"column":null}},"type":"binary-expr","locations":[{"start":{"line":88,"column":16},"end":{"line":88,"column":38}},{"start":{"line":88,"column":38},"end":{"line":88,"column":null}}],"line":88},"13":{"loc":{"start":{"line":99,"column":6},"end":{"line":100,"column":null}},"type":"if","locations":[{"start":{"line":99,"column":6},"end":{"line":100,"column":null}},{"start":{},"end":{}}],"line":99},"14":{"loc":{"start":{"line":113,"column":4},"end":{"line":115,"column":null}},"type":"if","locations":[{"start":{"line":113,"column":4},"end":{"line":115,"column":null}},{"start":{},"end":{}}],"line":113},"15":{"loc":{"start":{"line":118,"column":4},"end":{"line":135,"column":null}},"type":"if","locations":[{"start":{"line":118,"column":4},"end":{"line":135,"column":null}},{"start":{},"end":{}}],"line":118},"16":{"loc":{"start":{"line":123,"column":8},"end":{"line":128,"column":null}},"type":"if","locations":[{"start":{"line":123,"column":8},"end":{"line":128,"column":null}},{"start":{},"end":{}}],"line":123},"17":{"loc":{"start":{"line":126,"column":12},"end":{"line":126,"column":null}},"type":"binary-expr","locations":[{"start":{"line":126,"column":12},"end":{"line":126,"column":50}},{"start":{"line":126,"column":50},"end":{"line":126,"column":null}}],"line":126},"18":{"loc":{"start":{"line":127,"column":12},"end":{"line":127,"column":null}},"type":"binary-expr","locations":[{"start":{"line":127,"column":12},"end":{"line":127,"column":31}},{"start":{"line":127,"column":31},"end":{"line":127,"column":null}}],"line":127},"19":{"loc":{"start":{"line":154,"column":4},"end":{"line":156,"column":null}},"type":"if","locations":[{"start":{"line":154,"column":4},"end":{"line":156,"column":null}},{"start":{},"end":{}}],"line":154},"20":{"loc":{"start":{"line":160,"column":4},"end":{"line":170,"column":null}},"type":"if","locations":[{"start":{"line":160,"column":4},"end":{"line":170,"column":null}},{"start":{},"end":{}}],"line":160},"21":{"loc":{"start":{"line":180,"column":4},"end":{"line":181,"column":null}},"type":"if","locations":[{"start":{"line":180,"column":4},"end":{"line":181,"column":null}},{"start":{},"end":{}}],"line":180}},"s":{"0":1,"1":1,"2":0,"3":0,"4":0,"5":0,"6":0,"7":0,"8":0,"9":0,"10":0,"11":0,"12":0,"13":0,"14":0,"15":0,"16":0,"17":0,"18":0,"19":0,"20":0,"21":0,"22":0,"23":0,"24":0,"25":0,"26":0,"27":0,"28":0,"29":0,"30":0,"31":0,"32":0,"33":0,"34":0,"35":0,"36":0,"37":0,"38":0,"39":0,"40":0,"41":0,"42":0,"43":0,"44":0,"45":0,"46":0,"47":0,"48":0,"49":0,"50":0,"51":0,"52":0,"53":0,"54":0,"55":0,"56":0,"57":0,"58":0,"59":0,"60":0,"61":0,"62":0,"63":0,"64":0,"65":0,"66":0,"67":0,"68":0},"f":{"0":1,"1":0,"2":0,"3":0,"4":0,"5":0,"6":0,"7":0,"8":0},"b":{"0":[0,0],"1":[0,0],"2":[0,0],"3":[0,0],"4":[0,0],"5":[0,0],"6":[0,0],"7":[0,0],"8":[0,0],"9":[0,0],"10":[0,0],"11":[0,0],"12":[0,0],"13":[0,0],"14":[0,0],"15":[0,0],"16":[0,0],"17":[0,0],"18":[0,0],"19":[0,0],"20":[0,0],"21":[0,0]},"meta":{"lastBranch":22,"lastFunction":9,"lastStatement":69,"seen":{"s:20:6:187:3":0,"f:20:21:20:40":0,"s:20:54:187:3":1,"f:27:12:27:24":1,"b:29:4:29:Infinity:undefined:undefined:undefined:undefined":0,"s:29:4:29:Infinity":2,"s:29:29:29:Infinity":3,"s:31:4:31:Infinity":4,"s:33:4:71:Infinity":5,"s:35:29:35:55":6,"s:36:29:36:114":7,"f:36:33:36:42":2,"s:36:56:36:113":8,"f:36:56:36:73":3,"s:36:73:36:106":9,"s:38:36:38:88":10,"b:40:6:65:Infinity:undefined:undefined:undefined:undefined":1,"s:40:6:65:Infinity":11,"s:41:8:65:Infinity":12,"s:43:24:43:69":13,"b:45:10:51:Infinity:undefined:undefined:undefined:undefined":2,"s:45:10:51:Infinity":14,"s:46:12:46:Infinity":15,"s:47:12:51:Infinity":16,"b:49:14:49:55:49:55:49:Infinity":3,"b:50:14:50:36:50:36:50:Infinity":4,"s:54:10:54:Infinity":17,"s:56:10:56:Infinity":18,"s:58:10:65:Infinity":19,"b:61:20:61:61:61:61:61:Infinity":5,"b:62:21:62:43:62:43:62:Infinity":6,"s:69:6:69:Infinity":20,"s:71:6:71:Infinity":21,"s:75:4:102:Infinity":22,"f:75:36:75:43":4,"s:76:6:76:Infinity":23,"b:78:6:94:Infinity:undefined:undefined:undefined:undefined":7,"s:78:6:94:Infinity":24,"b:78:10:78:35:78:35:78:64":8,"b:79:8:94:Infinity:undefined:undefined:undefined:undefined":9,"s:79:8:94:Infinity":25,"s:80:10:94:Infinity":26,"s:81:26:81:71":27,"b:84:12:89:Infinity:undefined:undefined:undefined:undefined":10,"s:84:12:89:Infinity":28,"s:85:14:89:Infinity":29,"b:87:16:87:57:87:57:87:Infinity":11,"b:88:16:88:38:88:38:88:Infinity":12,"s:92:12:92:Infinity":30,"s:94:12:94:Infinity":31,"b:99:6:100:Infinity:undefined:undefined:undefined:undefined":13,"s:99:6:100:Infinity":32,"s:100:8:100:Infinity":33,"f:105:9:105:16":5,"s:106:4:106:Infinity":34,"s:108:28:111:6":35,"b:113:4:115:Infinity:undefined:undefined:undefined:undefined":14,"s:113:4:115:Infinity":36,"s:114:6:114:Infinity":37,"s:115:6:115:Infinity":38,"b:118:4:135:Infinity:undefined:undefined:undefined:undefined":15,"s:118:4:135:Infinity":39,"s:119:6:135:Infinity":40,"s:120:22:120:64":41,"b:123:8:128:Infinity:undefined:undefined:undefined:undefined":16,"s:123:8:128:Infinity":42,"s:124:10:128:Infinity":43,"b:126:12:126:50:126:50:126:Infinity":17,"b:127:12:127:31:127:31:127:Infinity":18,"s:131:8:131:Infinity":44,"s:132:8:132:Infinity":45,"s:134:8:134:Infinity":46,"s:135:8:135:Infinity":47,"s:139:4:139:Infinity":48,"f:142:10:142:17":6,"s:143:4:143:Infinity":49,"s:146:28:152:6":50,"b:154:4:156:Infinity:undefined:undefined:undefined:undefined":19,"s:154:4:156:Infinity":51,"s:155:6:155:Infinity":52,"s:156:6:156:Infinity":53,"b:160:4:170:Infinity:undefined:undefined:undefined:undefined":20,"s:160:4:170:Infinity":54,"s:161:6:170:Infinity":55,"s:162:24:162:82":56,"s:163:8:163:Infinity":57,"s:164:8:164:Infinity":58,"s:166:8:166:Infinity":59,"s:169:8:169:Infinity":60,"s:170:8:170:Infinity":61,"s:174:4:174:Infinity":62,"f:177:10:177:22":7,"s:178:4:178:Infinity":63,"s:179:22:179:51":64,"b:180:4:181:Infinity:undefined:undefined:undefined:undefined":21,"s:180:4:181:Infinity":65,"s:181:6:181:Infinity":66,"s:183:4:183:Infinity":67,"f:186:2:186:20":8,"s:186:20:186:Infinity":68}}}
,"D:\\Projects\\Web_Projects\\RideSync\\src\\features\\rides\\pages\\RideDetailPage.tsx": {"path":"D:\\Projects\\Web_Projects\\RideSync\\src\\features\\rides\\pages\\RideDetailPage.tsx","statementMap":{"0":{"start":{"line":18,"column":10},"end":{"line":18,"column":44}},"1":{"start":{"line":19,"column":8},"end":{"line":19,"column":32}},"2":{"start":{"line":20,"column":10},"end":{"line":20,"column":33}},"3":{"start":{"line":21,"column":69},"end":{"line":21,"column":107}},"4":{"start":{"line":22,"column":15},"end":{"line":22,"column":45}},"5":{"start":{"line":23,"column":18},"end":{"line":23,"column":46}},"6":{"start":{"line":24,"column":16},"end":{"line":24,"column":57}},"7":{"start":{"line":26,"column":23},"end":{"line":35,"column":null}},"8":{"start":{"line":27,"column":4},"end":{"line":27,"column":null}},"9":{"start":{"line":27,"column":104},"end":{"line":27,"column":null}},"10":{"start":{"line":29,"column":4},"end":{"line":35,"column":null}},"11":{"start":{"line":30,"column":6},"end":{"line":30,"column":null}},"12":{"start":{"line":30,"column":21},"end":{"line":30,"column":null}},"13":{"start":{"line":31,"column":6},"end":{"line":31,"column":null}},"14":{"start":{"line":32,"column":6},"end":{"line":32,"column":null}},"15":{"start":{"line":34,"column":6},"end":{"line":34,"column":null}},"16":{"start":{"line":35,"column":6},"end":{"line":35,"column":null}},"17":{"start":{"line":39,"column":8},"end":{"line":80,"column":33}},"18":{"start":{"line":40,"column":4},"end":{"line":40,"column":null}},"19":{"start":{"line":40,"column":15},"end":{"line":40,"column":null}},"20":{"start":{"line":43,"column":22},"end":{"line":43,"column":null}},"21":{"start":{"line":45,"column":24},"end":{"line":67,"column":null}},"22":{"start":{"line":60,"column":45},"end":{"line":66,"column":null}},"23":{"start":{"line":69,"column":4},"end":{"line":76,"column":null}},"24":{"start":{"line":70,"column":6},"end":{"line":76,"column":null}},"25":{"start":{"line":79,"column":4},"end":{"line":79,"column":null}},"26":{"start":{"line":79,"column":35},"end":{"line":79,"column":50}},"27":{"start":{"line":82,"column":2},"end":{"line":113,"column":null}},"28":{"start":{"line":84,"column":6},"end":{"line":84,"column":null}},"29":{"start":{"line":84,"column":15},"end":{"line":84,"column":null}},"30":{"start":{"line":85,"column":6},"end":{"line":85,"column":null}},"31":{"start":{"line":86,"column":6},"end":{"line":86,"column":null}},"32":{"start":{"line":87,"column":6},"end":{"line":109,"column":null}},"33":{"start":{"line":88,"column":8},"end":{"line":88,"column":null}},"34":{"start":{"line":89,"column":21},"end":{"line":89,"column":57}},"35":{"start":{"line":90,"column":8},"end":{"line":90,"column":null}},"36":{"start":{"line":90,"column":19},"end":{"line":90,"column":null}},"37":{"start":{"line":92,"column":8},"end":{"line":92,"column":null}},"38":{"start":{"line":95,"column":8},"end":{"line":103,"column":null}},"39":{"start":{"line":96,"column":28},"end":{"line":96,"column":null}},"40":{"start":{"line":97,"column":10},"end":{"line":103,"column":null}},"41":{"start":{"line":106,"column":8},"end":{"line":106,"column":null}},"42":{"start":{"line":107,"column":8},"end":{"line":107,"column":null}},"43":{"start":{"line":109,"column":8},"end":{"line":109,"column":null}},"44":{"start":{"line":112,"column":4},"end":{"line":112,"column":null}},"45":{"start":{"line":115,"column":2},"end":{"line":119,"column":null}},"46":{"start":{"line":116,"column":4},"end":{"line":119,"column":null}},"47":{"start":{"line":124,"column":2},"end":{"line":130,"column":null}},"48":{"start":{"line":125,"column":4},"end":{"line":130,"column":null}},"49":{"start":{"line":130,"column":31},"end":{"line":130,"column":49}},"50":{"start":{"line":135,"column":8},"end":{"line":141,"column":null}},"51":{"start":{"line":136,"column":4},"end":{"line":141,"column":null}},"52":{"start":{"line":137,"column":21},"end":{"line":137,"column":null}},"53":{"start":{"line":138,"column":22},"end":{"line":138,"column":null}},"54":{"start":{"line":139,"column":24},"end":{"line":139,"column":null}},"55":{"start":{"line":140,"column":24},"end":{"line":140,"column":null}},"56":{"start":{"line":141,"column":15},"end":{"line":141,"column":null}},"57":{"start":{"line":145,"column":2},"end":{"line":333,"column":null}},"58":{"start":{"line":150,"column":25},"end":{"line":150,"column":37}},"59":{"start":{"line":174,"column":31},"end":{"line":174,"column":49}},"60":{"start":{"line":184,"column":31},"end":{"line":184,"column":47}},"61":{"start":{"line":273,"column":52},"end":{"line":273,"column":70}},"62":{"start":{"line":274,"column":18},"end":{"line":289,"column":null}}},"fnMap":{"0":{"name":"RideDetailPage","decl":{"start":{"line":17,"column":24},"end":{"line":17,"column":41}},"loc":{"start":{"line":17,"column":41},"end":{"line":333,"column":null}},"line":17},"1":{"name":"(anonymous_1)","decl":{"start":{"line":26,"column":23},"end":{"line":26,"column":35}},"loc":{"start":{"line":26,"column":35},"end":{"line":35,"column":null}},"line":26},"2":{"name":"(anonymous_2)","decl":{"start":{"line":39,"column":18},"end":{"line":39,"column":32}},"loc":{"start":{"line":39,"column":32},"end":{"line":80,"column":6}},"line":39},"3":{"name":"(anonymous_3)","decl":{"start":{"line":60,"column":28},"end":{"line":60,"column":33}},"loc":{"start":{"line":60,"column":45},"end":{"line":66,"column":null}},"line":60},"4":{"name":"(anonymous_4)","decl":{"start":{"line":79,"column":23},"end":{"line":79,"column":30}},"loc":{"start":{"line":79,"column":35},"end":{"line":79,"column":50}},"line":79},"5":{"name":"(anonymous_5)","decl":{"start":{"line":82,"column":2},"end":{"line":82,"column":18}},"loc":{"start":{"line":82,"column":18},"end":{"line":113,"column":6}},"line":82},"6":{"name":"loadRide","decl":{"start":{"line":83,"column":19},"end":{"line":83,"column":30}},"loc":{"start":{"line":83,"column":30},"end":{"line":109,"column":null}},"line":83},"7":{"name":"(anonymous_7)","decl":{"start":{"line":130,"column":16},"end":{"line":130,"column":31}},"loc":{"start":{"line":130,"column":31},"end":{"line":130,"column":49}},"line":130},"8":{"name":"(anonymous_8)","decl":{"start":{"line":135,"column":8},"end":{"line":135,"column":26}},"loc":{"start":{"line":135,"column":45},"end":{"line":141,"column":null}},"line":135},"9":{"name":"(anonymous_9)","decl":{"start":{"line":150,"column":10},"end":{"line":150,"column":25}},"loc":{"start":{"line":150,"column":25},"end":{"line":150,"column":37}},"line":150},"10":{"name":"(anonymous_10)","decl":{"start":{"line":174,"column":16},"end":{"line":174,"column":31}},"loc":{"start":{"line":174,"column":31},"end":{"line":174,"column":49}},"line":174},"11":{"name":"(anonymous_11)","decl":{"start":{"line":184,"column":16},"end":{"line":184,"column":31}},"loc":{"start":{"line":184,"column":31},"end":{"line":184,"column":47}},"line":184},"12":{"name":"(anonymous_12)","decl":{"start":{"line":273,"column":27},"end":{"line":273,"column":33}},"loc":{"start":{"line":273,"column":52},"end":{"line":273,"column":70}},"line":273},"13":{"name":"(anonymous_13)","decl":{"start":{"line":273,"column":71},"end":{"line":273,"column":76}},"loc":{"start":{"line":274,"column":18},"end":{"line":289,"column":null}},"line":274}},"branchMap":{"0":{"loc":{"start":{"line":27,"column":4},"end":{"line":27,"column":null}},"type":"if","locations":[{"start":{"line":27,"column":4},"end":{"line":27,"column":null}},{"start":{},"end":{}}],"line":27},"1":{"loc":{"start":{"line":30,"column":6},"end":{"line":30,"column":null}},"type":"if","locations":[{"start":{"line":30,"column":6},"end":{"line":30,"column":null}},{"start":{},"end":{}}],"line":30},"2":{"loc":{"start":{"line":40,"column":4},"end":{"line":40,"column":null}},"type":"if","locations":[{"start":{"line":40,"column":4},"end":{"line":40,"column":null}},{"start":{},"end":{}}],"line":40},"3":{"loc":{"start":{"line":43,"column":22},"end":{"line":43,"column":null}},"type":"cond-expr","locations":[{"start":{"line":43,"column":50},"end":{"line":43,"column":66}},{"start":{"line":43,"column":66},"end":{"line":43,"column":null}}],"line":43},"4":{"loc":{"start":{"line":51,"column":14},"end":{"line":51,"column":null}},"type":"binary-expr","locations":[{"start":{"line":51,"column":14},"end":{"line":51,"column":49}},{"start":{"line":51,"column":49},"end":{"line":51,"column":null}}],"line":51},"5":{"loc":{"start":{"line":58,"column":14},"end":{"line":58,"column":null}},"type":"binary-expr","locations":[{"start":{"line":58,"column":14},"end":{"line":58,"column":47}},{"start":{"line":58,"column":47},"end":{"line":58,"column":null}}],"line":58},"6":{"loc":{"start":{"line":60,"column":10},"end":{"line":60,"column":26}},"type":"binary-expr","locations":[{"start":{"line":60,"column":10},"end":{"line":60,"column":24}},{"start":{"line":60,"column":24},"end":{"line":60,"column":26}}],"line":60},"7":{"loc":{"start":{"line":69,"column":4},"end":{"line":76,"column":null}},"type":"if","locations":[{"start":{"line":69,"column":4},"end":{"line":76,"column":null}},{"start":{},"end":{}}],"line":69},"8":{"loc":{"start":{"line":79,"column":35},"end":{"line":79,"column":50}},"type":"binary-expr","locations":[{"start":{"line":79,"column":35},"end":{"line":79,"column":44}},{"start":{"line":79,"column":44},"end":{"line":79,"column":50}}],"line":79},"9":{"loc":{"start":{"line":84,"column":6},"end":{"line":84,"column":null}},"type":"if","locations":[{"start":{"line":84,"column":6},"end":{"line":84,"column":null}},{"start":{},"end":{}}],"line":84},"10":{"loc":{"start":{"line":90,"column":8},"end":{"line":90,"column":null}},"type":"if","locations":[{"start":{"line":90,"column":8},"end":{"line":90,"column":null}},{"start":{},"end":{}}],"line":90},"11":{"loc":{"start":{"line":95,"column":8},"end":{"line":103,"column":null}},"type":"if","locations":[{"start":{"line":95,"column":8},"end":{"line":103,"column":null}},{"start":{},"end":{}}],"line":95},"12":{"loc":{"start":{"line":96,"column":28},"end":{"line":96,"column":null}},"type":"cond-expr","locations":[{"start":{"line":96,"column":56},"end":{"line":96,"column":72}},{"start":{"line":96,"column":72},"end":{"line":96,"column":null}}],"line":96},"13":{"loc":{"start":{"line":99,"column":28},"end":{"line":99,"column":null}},"type":"binary-expr","locations":[{"start":{"line":99,"column":28},"end":{"line":99,"column":54}},{"start":{"line":99,"column":54},"end":{"line":99,"column":null}}],"line":99},"14":{"loc":{"start":{"line":100,"column":22},"end":{"line":100,"column":null}},"type":"cond-expr","locations":[{"start":{"line":100,"column":47},"end":{"line":100,"column":79}},{"start":{"line":100,"column":79},"end":{"line":100,"column":null}}],"line":100},"15":{"loc":{"start":{"line":101,"column":32},"end":{"line":101,"column":null}},"type":"cond-expr","locations":[{"start":{"line":101,"column":59},"end":{"line":101,"column":95}},{"start":{"line":101,"column":95},"end":{"line":101,"column":null}}],"line":101},"16":{"loc":{"start":{"line":102,"column":26},"end":{"line":102,"column":null}},"type":"binary-expr","locations":[{"start":{"line":102,"column":26},"end":{"line":102,"column":55}},{"start":{"line":102,"column":55},"end":{"line":102,"column":null}}],"line":102},"17":{"loc":{"start":{"line":107,"column":17},"end":{"line":107,"column":61}},"type":"binary-expr","locations":[{"start":{"line":107,"column":17},"end":{"line":107,"column":32}},{"start":{"line":107,"column":32},"end":{"line":107,"column":61}}],"line":107},"18":{"loc":{"start":{"line":115,"column":2},"end":{"line":119,"column":null}},"type":"if","locations":[{"start":{"line":115,"column":2},"end":{"line":119,"column":null}},{"start":{},"end":{}}],"line":115},"19":{"loc":{"start":{"line":124,"column":2},"end":{"line":130,"column":null}},"type":"if","locations":[{"start":{"line":124,"column":2},"end":{"line":130,"column":null}},{"start":{},"end":{}}],"line":124},"20":{"loc":{"start":{"line":124,"column":6},"end":{"line":124,"column":22}},"type":"binary-expr","locations":[{"start":{"line":124,"column":6},"end":{"line":124,"column":15}},{"start":{"line":124,"column":15},"end":{"line":124,"column":22}}],"line":124},"21":{"loc":{"start":{"line":129,"column":38},"end":{"line":129,"column":86}},"type":"binary-expr","locations":[{"start":{"line":129,"column":38},"end":{"line":129,"column":47}},{"start":{"line":129,"column":47},"end":{"line":129,"column":86}}],"line":129},"22":{"loc":{"start":{"line":136,"column":4},"end":{"line":141,"column":null}},"type":"switch","locations":[{"start":{"line":137,"column":6},"end":{"line":137,"column":null}},{"start":{"line":138,"column":6},"end":{"line":138,"column":null}},{"start":{"line":139,"column":6},"end":{"line":139,"column":null}},{"start":{"line":140,"column":6},"end":{"line":140,"column":null}},{"start":{"line":141,"column":6},"end":{"line":141,"column":null}}],"line":136},"23":{"loc":{"start":{"line":160,"column":17},"end":{"line":160,"column":null}},"type":"binary-expr","locations":[{"start":{"line":160,"column":17},"end":{"line":160,"column":45}},{"start":{"line":160,"column":45},"end":{"line":160,"column":null}}],"line":160},"24":{"loc":{"start":{"line":167,"column":15},"end":{"line":167,"column":null}},"type":"binary-expr","locations":[{"start":{"line":167,"column":15},"end":{"line":167,"column":35}},{"start":{"line":167,"column":35},"end":{"line":167,"column":null}}],"line":167},"25":{"loc":{"start":{"line":172,"column":13},"end":{"line":180,"column":null}},"type":"binary-expr","locations":[{"start":{"line":172,"column":13},"end":{"line":172,"column":null}},{"start":{"line":173,"column":14},"end":{"line":180,"column":null}}],"line":172},"26":{"loc":{"start":{"line":182,"column":13},"end":{"line":190,"column":null}},"type":"binary-expr","locations":[{"start":{"line":182,"column":13},"end":{"line":182,"column":null}},{"start":{"line":183,"column":14},"end":{"line":190,"column":null}}],"line":182},"27":{"loc":{"start":{"line":198,"column":13},"end":{"line":206,"column":null}},"type":"binary-expr","locations":[{"start":{"line":198,"column":13},"end":{"line":198,"column":null}},{"start":{"line":199,"column":14},"end":{"line":206,"column":null}}],"line":198},"28":{"loc":{"start":{"line":217,"column":20},"end":{"line":217,"column":86}},"type":"cond-expr","locations":[{"start":{"line":217,"column":33},"end":{"line":217,"column":65}},{"start":{"line":217,"column":68},"end":{"line":217,"column":86}}],"line":217},"29":{"loc":{"start":{"line":220,"column":29},"end":{"line":220,"column":86}},"type":"cond-expr","locations":[{"start":{"line":220,"column":57},"end":{"line":220,"column":73}},{"start":{"line":220,"column":73},"end":{"line":220,"column":86}}],"line":220},"30":{"loc":{"start":{"line":239,"column":18},"end":{"line":239,"column":139}},"type":"binary-expr","locations":[{"start":{"line":239,"column":18},"end":{"line":239,"column":135}},{"start":{"line":239,"column":135},"end":{"line":239,"column":139}}],"line":239},"31":{"loc":{"start":{"line":239,"column":63},"end":{"line":239,"column":120}},"type":"cond-expr","locations":[{"start":{"line":239,"column":91},"end":{"line":239,"column":107}},{"start":{"line":239,"column":107},"end":{"line":239,"column":120}}],"line":239},"32":{"loc":{"start":{"line":249,"column":18},"end":{"line":249,"column":141}},"type":"binary-expr","locations":[{"start":{"line":249,"column":18},"end":{"line":249,"column":137}},{"start":{"line":249,"column":137},"end":{"line":249,"column":141}}],"line":249},"33":{"loc":{"start":{"line":249,"column":63},"end":{"line":249,"column":120}},"type":"cond-expr","locations":[{"start":{"line":249,"column":91},"end":{"line":249,"column":107}},{"start":{"line":249,"column":107},"end":{"line":249,"column":120}}],"line":249},"34":{"loc":{"start":{"line":272,"column":15},"end":{"line":294,"column":null}},"type":"cond-expr","locations":[{"start":{"line":273,"column":16},"end":{"line":289,"column":null}},{"start":{"line":292,"column":16},"end":{"line":294,"column":null}}],"line":272},"35":{"loc":{"start":{"line":272,"column":15},"end":{"line":272,"column":null}},"type":"binary-expr","locations":[{"start":{"line":272,"column":15},"end":{"line":272,"column":29}},{"start":{"line":272,"column":29},"end":{"line":272,"column":null}}],"line":272},"36":{"loc":{"start":{"line":276,"column":21},"end":{"line":277,"column":null}},"type":"binary-expr","locations":[{"start":{"line":276,"column":21},"end":{"line":276,"column":null}},{"start":{"line":277,"column":22},"end":{"line":277,"column":null}}],"line":276},"37":{"loc":{"start":{"line":287,"column":81},"end":{"line":287,"column":139}},"type":"binary-expr","locations":[{"start":{"line":287,"column":81},"end":{"line":287,"column":94}},{"start":{"line":287,"column":94},"end":{"line":287,"column":139}}],"line":287},"38":{"loc":{"start":{"line":305,"column":15},"end":{"line":331,"column":null}},"type":"cond-expr","locations":[{"start":{"line":306,"column":16},"end":{"line":329,"column":17}},{"start":{"line":329,"column":16},"end":{"line":331,"column":null}}],"line":305},"39":{"loc":{"start":{"line":313,"column":21},"end":{"line":320,"column":null}},"type":"cond-expr","locations":[{"start":{"line":314,"column":22},"end":{"line":319,"column":23}},{"start":{"line":319,"column":22},"end":{"line":320,"column":null}}],"line":313}},"s":{"0":2,"1":2,"2":2,"3":2,"4":2,"5":2,"6":2,"7":2,"8":0,"9":0,"10":0,"11":0,"12":0,"13":0,"14":0,"15":0,"16":0,"17":2,"18":2,"19":1,"20":1,"21":2,"22":0,"23":2,"24":0,"25":1,"26":2,"27":2,"28":1,"29":0,"30":1,"31":1,"32":1,"33":1,"34":1,"35":1,"36":0,"37":1,"38":1,"39":0,"40":0,"41":0,"42":0,"43":1,"44":1,"45":2,"46":1,"47":1,"48":0,"49":0,"50":1,"51":1,"52":0,"53":1,"54":0,"55":0,"56":0,"57":1,"58":0,"59":0,"60":0,"61":0,"62":0},"f":{"0":2,"1":0,"2":2,"3":0,"4":2,"5":1,"6":1,"7":0,"8":1,"9":0,"10":0,"11":0,"12":0,"13":0},"b":{"0":[0,0],"1":[0,0],"2":[1,1],"3":[1,0],"4":[2,0],"5":[2,0],"6":[2,0],"7":[0,2],"8":[2,2],"9":[0,1],"10":[0,1],"11":[0,1],"12":[0,0],"13":[0,0],"14":[0,0],"15":[0,0],"16":[0,0],"17":[0,0],"18":[1,1],"19":[0,1],"20":[1,1],"21":[0,0],"22":[0,1,0,0,0],"23":[1,0],"24":[2,1],"25":[2,1],"26":[2,0],"27":[2,1],"28":[1,0],"29":[1,0],"30":[2,0],"31":[1,0],"32":[2,0],"33":[1,0],"34":[0,1],"35":[2,1],"36":[0,0],"37":[0,0],"38":[0,1],"39":[0,0]},"meta":{"lastBranch":40,"lastFunction":14,"lastStatement":63,"seen":{"f:17:24:17:41":0,"s:18:10:18:44":0,"s:19:8:19:32":1,"s:20:10:20:33":2,"s:21:69:21:107":3,"s:22:15:22:45":4,"s:23:18:23:46":5,"s:24:16:24:57":6,"s:26:23:35:Infinity":7,"f:26:23:26:35":1,"b:27:4:27:Infinity:undefined:undefined:undefined:undefined":0,"s:27:4:27:Infinity":8,"s:27:104:27:Infinity":9,"s:29:4:35:Infinity":10,"b:30:6:30:Infinity:undefined:undefined:undefined:undefined":1,"s:30:6:30:Infinity":11,"s:30:21:30:Infinity":12,"s:31:6:31:Infinity":13,"s:32:6:32:Infinity":14,"s:34:6:34:Infinity":15,"s:35:6:35:Infinity":16,"s:39:8:80:33":17,"f:39:18:39:32":2,"b:40:4:40:Infinity:undefined:undefined:undefined:undefined":2,"s:40:4:40:Infinity":18,"s:40:15:40:Infinity":19,"s:43:22:43:Infinity":20,"b:43:50:43:66:43:66:43:Infinity":3,"s:45:24:67:Infinity":21,"b:51:14:51:49:51:49:51:Infinity":4,"b:58:14:58:47:58:47:58:Infinity":5,"b:60:10:60:24:60:24:60:26":6,"f:60:28:60:33":3,"s:60:45:66:Infinity":22,"b:69:4:76:Infinity:undefined:undefined:undefined:undefined":7,"s:69:4:76:Infinity":23,"s:70:6:76:Infinity":24,"s:79:4:79:Infinity":25,"f:79:23:79:30":4,"s:79:35:79:50":26,"b:79:35:79:44:79:44:79:50":8,"s:82:2:113:Infinity":27,"f:82:2:82:18":5,"f:83:19:83:30":6,"b:84:6:84:Infinity:undefined:undefined:undefined:undefined":9,"s:84:6:84:Infinity":28,"s:84:15:84:Infinity":29,"s:85:6:85:Infinity":30,"s:86:6:86:Infinity":31,"s:87:6:109:Infinity":32,"s:88:8:88:Infinity":33,"s:89:21:89:57":34,"b:90:8:90:Infinity:undefined:undefined:undefined:undefined":10,"s:90:8:90:Infinity":35,"s:90:19:90:Infinity":36,"s:92:8:92:Infinity":37,"b:95:8:103:Infinity:undefined:undefined:undefined:undefined":11,"s:95:8:103:Infinity":38,"s:96:28:96:Infinity":39,"b:96:56:96:72:96:72:96:Infinity":12,"s:97:10:103:Infinity":40,"b:99:28:99:54:99:54:99:Infinity":13,"b:100:47:100:79:100:79:100:Infinity":14,"b:101:59:101:95:101:95:101:Infinity":15,"b:102:26:102:55:102:55:102:Infinity":16,"s:106:8:106:Infinity":41,"s:107:8:107:Infinity":42,"b:107:17:107:32:107:32:107:61":17,"s:109:8:109:Infinity":43,"s:112:4:112:Infinity":44,"b:115:2:119:Infinity:undefined:undefined:undefined:undefined":18,"s:115:2:119:Infinity":45,"s:116:4:119:Infinity":46,"b:124:2:130:Infinity:undefined:undefined:undefined:undefined":19,"s:124:2:130:Infinity":47,"b:124:6:124:15:124:15:124:22":20,"s:125:4:130:Infinity":48,"b:129:38:129:47:129:47:129:86":21,"f:130:16:130:31":7,"s:130:31:130:49":49,"s:135:8:141:Infinity":50,"f:135:8:135:26":8,"b:137:6:137:Infinity:138:6:138:Infinity:139:6:139:Infinity:140:6:140:Infinity:141:6:141:Infinity":22,"s:136:4:141:Infinity":51,"s:137:21:137:Infinity":52,"s:138:22:138:Infinity":53,"s:139:24:139:Infinity":54,"s:140:24:140:Infinity":55,"s:141:15:141:Infinity":56,"s:145:2:333:Infinity":57,"f:150:10:150:25":9,"s:150:25:150:37":58,"b:160:17:160:45:160:45:160:Infinity":23,"b:167:15:167:35:167:35:167:Infinity":24,"b:172:13:172:Infinity:173:14:180:Infinity":25,"f:174:16:174:31":10,"s:174:31:174:49":59,"b:182:13:182:Infinity:183:14:190:Infinity":26,"f:184:16:184:31":11,"s:184:31:184:47":60,"b:198:13:198:Infinity:199:14:206:Infinity":27,"b:217:33:217:65:217:68:217:86":28,"b:220:57:220:73:220:73:220:86":29,"b:239:18:239:135:239:135:239:139":30,"b:239:91:239:107:239:107:239:120":31,"b:249:18:249:137:249:137:249:141":32,"b:249:91:249:107:249:107:249:120":33,"b:273:16:289:Infinity:292:16:294:Infinity":34,"b:272:15:272:29:272:29:272:Infinity":35,"f:273:27:273:33":12,"s:273:52:273:70":61,"f:273:71:273:76":13,"s:274:18:289:Infinity":62,"b:276:21:276:Infinity:277:22:277:Infinity":36,"b:287:81:287:94:287:94:287:139":37,"b:306:16:329:17:329:16:331:Infinity":38,"b:314:22:319:23:319:22:320:Infinity":39}}}
,"D:\\Projects\\Web_Projects\\RideSync\\src\\features\\rides\\services\\rideService.ts": {"path":"D:\\Projects\\Web_Projects\\RideSync\\src\\features\\rides\\services\\rideService.ts","statementMap":{"0":{"start":{"line":35,"column":27},"end":{"line":185,"column":null}},"1":{"start":{"line":37,"column":31},"end":{"line":37,"column":60}},"2":{"start":{"line":38,"column":4},"end":{"line":38,"column":null}},"3":{"start":{"line":38,"column":24},"end":{"line":38,"column":null}},"4":{"start":{"line":40,"column":21},"end":{"line":40,"column":77}},"5":{"start":{"line":43,"column":45},"end":{"line":56,"column":15}},"6":{"start":{"line":58,"column":4},"end":{"line":58,"column":null}},"7":{"start":{"line":58,"column":19},"end":{"line":58,"column":null}},"8":{"start":{"line":61,"column":34},"end":{"line":71,"column":9}},"9":{"start":{"line":73,"column":4},"end":{"line":73,"column":null}},"10":{"start":{"line":73,"column":20},"end":{"line":73,"column":null}},"11":{"start":{"line":76,"column":4},"end":{"line":89,"column":null}},"12":{"start":{"line":77,"column":28},"end":{"line":84,"column":9}},"13":{"start":{"line":77,"column":53},"end":{"line":84,"column":9}},"14":{"start":{"line":85,"column":36},"end":{"line":87,"column":30}},"15":{"start":{"line":89,"column":6},"end":{"line":89,"column":null}},"16":{"start":{"line":89,"column":22},"end":{"line":89,"column":null}},"17":{"start":{"line":93,"column":40},"end":{"line":99,"column":9}},"18":{"start":{"line":101,"column":4},"end":{"line":101,"column":null}},"19":{"start":{"line":101,"column":26},"end":{"line":101,"column":null}},"20":{"start":{"line":103,"column":4},"end":{"line":103,"column":null}},"21":{"start":{"line":107,"column":28},"end":{"line":115,"column":48}},"22":{"start":{"line":117,"column":4},"end":{"line":117,"column":null}},"23":{"start":{"line":117,"column":15},"end":{"line":117,"column":null}},"24":{"start":{"line":118,"column":4},"end":{"line":118,"column":null}},"25":{"start":{"line":122,"column":45},"end":{"line":131,"column":15}},"26":{"start":{"line":133,"column":4},"end":{"line":133,"column":null}},"27":{"start":{"line":133,"column":19},"end":{"line":133,"column":null}},"28":{"start":{"line":134,"column":4},"end":{"line":134,"column":null}},"29":{"start":{"line":138,"column":28},"end":{"line":146,"column":47}},"30":{"start":{"line":148,"column":4},"end":{"line":148,"column":null}},"31":{"start":{"line":148,"column":15},"end":{"line":148,"column":null}},"32":{"start":{"line":149,"column":4},"end":{"line":149,"column":null}},"33":{"start":{"line":154,"column":31},"end":{"line":154,"column":60}},"34":{"start":{"line":155,"column":4},"end":{"line":155,"column":null}},"35":{"start":{"line":155,"column":24},"end":{"line":155,"column":null}},"36":{"start":{"line":157,"column":22},"end":{"line":163,"column":9}},"37":{"start":{"line":165,"column":4},"end":{"line":165,"column":null}},"38":{"start":{"line":165,"column":15},"end":{"line":165,"column":null}},"39":{"start":{"line":169,"column":22},"end":{"line":172,"column":23}},"40":{"start":{"line":174,"column":4},"end":{"line":174,"column":null}},"41":{"start":{"line":174,"column":15},"end":{"line":174,"column":null}},"42":{"start":{"line":178,"column":22},"end":{"line":181,"column":23}},"43":{"start":{"line":183,"column":4},"end":{"line":183,"column":null}},"44":{"start":{"line":183,"column":15},"end":{"line":183,"column":null}}},"fnMap":{"0":{"name":"(anonymous_0)","decl":{"start":{"line":36,"column":8},"end":{"line":36,"column":19}},"loc":{"start":{"line":36,"column":85},"end":{"line":103,"column":null}},"line":36},"1":{"name":"(anonymous_1)","decl":{"start":{"line":77,"column":34},"end":{"line":77,"column":39}},"loc":{"start":{"line":77,"column":53},"end":{"line":84,"column":9}},"line":77},"2":{"name":"(anonymous_2)","decl":{"start":{"line":106,"column":8},"end":{"line":106,"column":23}},"loc":{"start":{"line":106,"column":23},"end":{"line":118,"column":null}},"line":106},"3":{"name":"(anonymous_3)","decl":{"start":{"line":121,"column":8},"end":{"line":121,"column":23}},"loc":{"start":{"line":121,"column":39},"end":{"line":134,"column":null}},"line":121},"4":{"name":"(anonymous_4)","decl":{"start":{"line":137,"column":8},"end":{"line":137,"column":27}},"loc":{"start":{"line":137,"column":48},"end":{"line":149,"column":null}},"line":137},"5":{"name":"(anonymous_5)","decl":{"start":{"line":153,"column":8},"end":{"line":153,"column":17}},"loc":{"start":{"line":153,"column":33},"end":{"line":165,"column":null}},"line":153},"6":{"name":"(anonymous_6)","decl":{"start":{"line":168,"column":8},"end":{"line":168,"column":25}},"loc":{"start":{"line":168,"column":99},"end":{"line":174,"column":null}},"line":168},"7":{"name":"(anonymous_7)","decl":{"start":{"line":177,"column":8},"end":{"line":177,"column":19}},"loc":{"start":{"line":177,"column":35},"end":{"line":183,"column":null}},"line":177}},"branchMap":{"0":{"loc":{"start":{"line":38,"column":4},"end":{"line":38,"column":null}},"type":"if","locations":[{"start":{"line":38,"column":4},"end":{"line":38,"column":null}},{"start":{},"end":{}}],"line":38},"1":{"loc":{"start":{"line":49,"column":20},"end":{"line":49,"column":67}},"type":"binary-expr","locations":[{"start":{"line":49,"column":20},"end":{"line":49,"column":43}},{"start":{"line":49,"column":43},"end":{"line":49,"column":67}}],"line":49},"2":{"loc":{"start":{"line":50,"column":26},"end":{"line":50,"column":null}},"type":"binary-expr","locations":[{"start":{"line":50,"column":26},"end":{"line":50,"column":55}},{"start":{"line":50,"column":55},"end":{"line":50,"column":null}}],"line":50},"3":{"loc":{"start":{"line":58,"column":4},"end":{"line":58,"column":null}},"type":"if","locations":[{"start":{"line":58,"column":4},"end":{"line":58,"column":null}},{"start":{},"end":{}}],"line":58},"4":{"loc":{"start":{"line":67,"column":19},"end":{"line":67,"column":44}},"type":"binary-expr","locations":[{"start":{"line":67,"column":19},"end":{"line":67,"column":42}},{"start":{"line":67,"column":42},"end":{"line":67,"column":44}}],"line":67},"5":{"loc":{"start":{"line":68,"column":21},"end":{"line":68,"column":null}},"type":"binary-expr","locations":[{"start":{"line":68,"column":21},"end":{"line":68,"column":46}},{"start":{"line":68,"column":46},"end":{"line":68,"column":null}}],"line":68},"6":{"loc":{"start":{"line":69,"column":23},"end":{"line":69,"column":null}},"type":"binary-expr","locations":[{"start":{"line":69,"column":23},"end":{"line":69,"column":50}},{"start":{"line":69,"column":50},"end":{"line":69,"column":null}}],"line":69},"7":{"loc":{"start":{"line":70,"column":18},"end":{"line":70,"column":null}},"type":"binary-expr","locations":[{"start":{"line":70,"column":18},"end":{"line":70,"column":40}},{"start":{"line":70,"column":40},"end":{"line":70,"column":null}}],"line":70},"8":{"loc":{"start":{"line":73,"column":4},"end":{"line":73,"column":null}},"type":"if","locations":[{"start":{"line":73,"column":4},"end":{"line":73,"column":null}},{"start":{},"end":{}}],"line":73},"9":{"loc":{"start":{"line":76,"column":4},"end":{"line":89,"column":null}},"type":"if","locations":[{"start":{"line":76,"column":4},"end":{"line":89,"column":null}},{"start":{},"end":{}}],"line":76},"10":{"loc":{"start":{"line":83,"column":14},"end":{"line":83,"column":null}},"type":"binary-expr","locations":[{"start":{"line":83,"column":14},"end":{"line":83,"column":24}},{"start":{"line":83,"column":24},"end":{"line":83,"column":null}}],"line":83},"11":{"loc":{"start":{"line":89,"column":6},"end":{"line":89,"column":null}},"type":"if","locations":[{"start":{"line":89,"column":6},"end":{"line":89,"column":null}},{"start":{},"end":{}}],"line":89},"12":{"loc":{"start":{"line":101,"column":4},"end":{"line":101,"column":null}},"type":"if","locations":[{"start":{"line":101,"column":4},"end":{"line":101,"column":null}},{"start":{},"end":{}}],"line":101},"13":{"loc":{"start":{"line":117,"column":4},"end":{"line":117,"column":null}},"type":"if","locations":[{"start":{"line":117,"column":4},"end":{"line":117,"column":null}},{"start":{},"end":{}}],"line":117},"14":{"loc":{"start":{"line":133,"column":4},"end":{"line":133,"column":null}},"type":"if","locations":[{"start":{"line":133,"column":4},"end":{"line":133,"column":null}},{"start":{},"end":{}}],"line":133},"15":{"loc":{"start":{"line":148,"column":4},"end":{"line":148,"column":null}},"type":"if","locations":[{"start":{"line":148,"column":4},"end":{"line":148,"column":null}},{"start":{},"end":{}}],"line":148},"16":{"loc":{"start":{"line":155,"column":4},"end":{"line":155,"column":null}},"type":"if","locations":[{"start":{"line":155,"column":4},"end":{"line":155,"column":null}},{"start":{},"end":{}}],"line":155},"17":{"loc":{"start":{"line":165,"column":4},"end":{"line":165,"column":null}},"type":"if","locations":[{"start":{"line":165,"column":4},"end":{"line":165,"column":null}},{"start":{},"end":{}}],"line":165},"18":{"loc":{"start":{"line":174,"column":4},"end":{"line":174,"column":null}},"type":"if","locations":[{"start":{"line":174,"column":4},"end":{"line":174,"column":null}},{"start":{},"end":{}}],"line":174},"19":{"loc":{"start":{"line":183,"column":4},"end":{"line":183,"column":null}},"type":"if","locations":[{"start":{"line":183,"column":4},"end":{"line":183,"column":null}},{"start":{},"end":{}}],"line":183}},"s":{"0":2,"1":0,"2":0,"3":0,"4":0,"5":0,"6":0,"7":0,"8":0,"9":0,"10":0,"11":0,"12":0,"13":0,"14":0,"15":0,"16":0,"17":0,"18":0,"19":0,"20":0,"21":1,"22":1,"23":0,"24":1,"25":2,"26":2,"27":0,"28":2,"29":0,"30":0,"31":0,"32":0,"33":0,"34":0,"35":0,"36":0,"37":0,"38":0,"39":0,"40":0,"41":0,"42":0,"43":0,"44":0},"f":{"0":0,"1":0,"2":1,"3":2,"4":0,"5":0,"6":0,"7":0},"b":{"0":[0,0],"1":[0,0],"2":[0,0],"3":[0,0],"4":[0,0],"5":[0,0],"6":[0,0],"7":[0,0],"8":[0,0],"9":[0,0],"10":[0,0],"11":[0,0],"12":[0,0],"13":[0,1],"14":[0,2],"15":[0,0],"16":[0,0],"17":[0,0],"18":[0,0],"19":[0,0]},"meta":{"lastBranch":20,"lastFunction":8,"lastStatement":45,"seen":{"s:35:27:185:Infinity":0,"f:36:8:36:19":0,"s:37:31:37:60":1,"b:38:4:38:Infinity:undefined:undefined:undefined:undefined":0,"s:38:4:38:Infinity":2,"s:38:24:38:Infinity":3,"s:40:21:40:77":4,"s:43:45:56:15":5,"b:49:20:49:43:49:43:49:67":1,"b:50:26:50:55:50:55:50:Infinity":2,"b:58:4:58:Infinity:undefined:undefined:undefined:undefined":3,"s:58:4:58:Infinity":6,"s:58:19:58:Infinity":7,"s:61:34:71:9":8,"b:67:19:67:42:67:42:67:44":4,"b:68:21:68:46:68:46:68:Infinity":5,"b:69:23:69:50:69:50:69:Infinity":6,"b:70:18:70:40:70:40:70:Infinity":7,"b:73:4:73:Infinity:undefined:undefined:undefined:undefined":8,"s:73:4:73:Infinity":9,"s:73:20:73:Infinity":10,"b:76:4:89:Infinity:undefined:undefined:undefined:undefined":9,"s:76:4:89:Infinity":11,"s:77:28:84:9":12,"f:77:34:77:39":1,"s:77:53:84:9":13,"b:83:14:83:24:83:24:83:Infinity":10,"s:85:36:87:30":14,"b:89:6:89:Infinity:undefined:undefined:undefined:undefined":11,"s:89:6:89:Infinity":15,"s:89:22:89:Infinity":16,"s:93:40:99:9":17,"b:101:4:101:Infinity:undefined:undefined:undefined:undefined":12,"s:101:4:101:Infinity":18,"s:101:26:101:Infinity":19,"s:103:4:103:Infinity":20,"f:106:8:106:23":2,"s:107:28:115:48":21,"b:117:4:117:Infinity:undefined:undefined:undefined:undefined":13,"s:117:4:117:Infinity":22,"s:117:15:117:Infinity":23,"s:118:4:118:Infinity":24,"f:121:8:121:23":3,"s:122:45:131:15":25,"b:133:4:133:Infinity:undefined:undefined:undefined:undefined":14,"s:133:4:133:Infinity":26,"s:133:19:133:Infinity":27,"s:134:4:134:Infinity":28,"f:137:8:137:27":4,"s:138:28:146:47":29,"b:148:4:148:Infinity:undefined:undefined:undefined:undefined":15,"s:148:4:148:Infinity":30,"s:148:15:148:Infinity":31,"s:149:4:149:Infinity":32,"f:153:8:153:17":5,"s:154:31:154:60":33,"b:155:4:155:Infinity:undefined:undefined:undefined:undefined":16,"s:155:4:155:Infinity":34,"s:155:24:155:Infinity":35,"s:157:22:163:9":36,"b:165:4:165:Infinity:undefined:undefined:undefined:undefined":17,"s:165:4:165:Infinity":37,"s:165:15:165:Infinity":38,"f:168:8:168:25":6,"s:169:22:172:23":39,"b:174:4:174:Infinity:undefined:undefined:undefined:undefined":18,"s:174:4:174:Infinity":40,"s:174:15:174:Infinity":41,"f:177:8:177:19":7,"s:178:22:181:23":42,"b:183:4:183:Infinity:undefined:undefined:undefined:undefined":19,"s:183:4:183:Infinity":43,"s:183:15:183:Infinity":44}}}
,"D:\\Projects\\Web_Projects\\RideSync\\src\\features\\rides\\store\\rideStore.ts": {"path":"D:\\Projects\\Web_Projects\\RideSync\\src\\features\\rides\\store\\rideStore.ts","statementMap":{"0":{"start":{"line":64,"column":6},"end":{"line":265,"column":3}},"1":{"start":{"line":64,"column":54},"end":{"line":265,"column":3}},"2":{"start":{"line":75,"column":4},"end":{"line":75,"column":null}},"3":{"start":{"line":76,"column":4},"end":{"line":96,"column":null}},"4":{"start":{"line":77,"column":22},"end":{"line":77,"column":54}},"5":{"start":{"line":78,"column":30},"end":{"line":92,"column":9}},"6":{"start":{"line":78,"column":55},"end":{"line":92,"column":9}},"7":{"start":{"line":93,"column":6},"end":{"line":93,"column":null}},"8":{"start":{"line":95,"column":6},"end":{"line":95,"column":null}},"9":{"start":{"line":96,"column":6},"end":{"line":96,"column":null}},"10":{"start":{"line":101,"column":4},"end":{"line":101,"column":null}},"11":{"start":{"line":102,"column":4},"end":{"line":141,"column":null}},"12":{"start":{"line":104,"column":52},"end":{"line":111,"column":null}},"13":{"start":{"line":113,"column":21},"end":{"line":113,"column":84}},"14":{"start":{"line":116,"column":28},"end":{"line":130,"column":null}},"15":{"start":{"line":132,"column":6},"end":{"line":135,"column":null}},"16":{"start":{"line":132,"column":22},"end":{"line":135,"column":9}},"17":{"start":{"line":137,"column":6},"end":{"line":137,"column":null}},"18":{"start":{"line":139,"column":6},"end":{"line":139,"column":null}},"19":{"start":{"line":140,"column":6},"end":{"line":140,"column":null}},"20":{"start":{"line":141,"column":6},"end":{"line":141,"column":null}},"21":{"start":{"line":146,"column":4},"end":{"line":146,"column":null}},"22":{"start":{"line":146,"column":33},"end":{"line":146,"column":45}},"23":{"start":{"line":150,"column":4},"end":{"line":150,"column":null}},"24":{"start":{"line":154,"column":4},"end":{"line":184,"column":null}},"25":{"start":{"line":155,"column":6},"end":{"line":155,"column":null}},"26":{"start":{"line":156,"column":6},"end":{"line":160,"column":null}},"27":{"start":{"line":156,"column":22},"end":{"line":159,"column":null}},"28":{"start":{"line":158,"column":10},"end":{"line":158,"column":null}},"29":{"start":{"line":163,"column":6},"end":{"line":181,"column":null}},"30":{"start":{"line":164,"column":19},"end":{"line":177,"column":null}},"31":{"start":{"line":166,"column":44},"end":{"line":166,"column":null}},"32":{"start":{"line":167,"column":12},"end":{"line":167,"column":null}},"33":{"start":{"line":168,"column":12},"end":{"line":168,"column":null}},"34":{"start":{"line":171,"column":12},"end":{"line":171,"column":null}},"35":{"start":{"line":179,"column":8},"end":{"line":179,"column":null}},"36":{"start":{"line":181,"column":8},"end":{"line":181,"column":null}},"37":{"start":{"line":184,"column":6},"end":{"line":184,"column":null}},"38":{"start":{"line":189,"column":4},"end":{"line":203,"column":null}},"39":{"start":{"line":190,"column":6},"end":{"line":190,"column":null}},"40":{"start":{"line":191,"column":6},"end":{"line":195,"column":null}},"41":{"start":{"line":191,"column":22},"end":{"line":194,"column":null}},"42":{"start":{"line":193,"column":10},"end":{"line":193,"column":null}},"43":{"start":{"line":197,"column":26},"end":{"line":197,"column":31}},"44":{"start":{"line":198,"column":6},"end":{"line":200,"column":null}},"45":{"start":{"line":199,"column":8},"end":{"line":199,"column":null}},"46":{"start":{"line":200,"column":8},"end":{"line":200,"column":null}},"47":{"start":{"line":203,"column":6},"end":{"line":203,"column":null}},"48":{"start":{"line":208,"column":4},"end":{"line":208,"column":null}},"49":{"start":{"line":208,"column":33},"end":{"line":208,"column":57}},"50":{"start":{"line":209,"column":17},"end":{"line":209,"column":64}},"51":{"start":{"line":209,"column":39},"end":{"line":209,"column":64}},"52":{"start":{"line":210,"column":4},"end":{"line":216,"column":null}},"53":{"start":{"line":211,"column":6},"end":{"line":215,"column":null}},"54":{"start":{"line":211,"column":22},"end":{"line":214,"column":null}},"55":{"start":{"line":213,"column":10},"end":{"line":213,"column":null}},"56":{"start":{"line":216,"column":6},"end":{"line":216,"column":null}},"57":{"start":{"line":218,"column":4},"end":{"line":218,"column":null}},"58":{"start":{"line":222,"column":4},"end":{"line":226,"column":null}},"59":{"start":{"line":222,"column":20},"end":{"line":225,"column":null}},"60":{"start":{"line":224,"column":8},"end":{"line":224,"column":null}},"61":{"start":{"line":230,"column":32},"end":{"line":237,"column":null}},"62":{"start":{"line":238,"column":4},"end":{"line":240,"column":null}},"63":{"start":{"line":238,"column":20},"end":{"line":239,"column":null}},"64":{"start":{"line":244,"column":4},"end":{"line":244,"column":null}},"65":{"start":{"line":244,"column":35},"end":{"line":244,"column":55}},"66":{"start":{"line":248,"column":4},"end":{"line":248,"column":null}},"67":{"start":{"line":248,"column":35},"end":{"line":248,"column":66}},"68":{"start":{"line":252,"column":4},"end":{"line":252,"column":null}},"69":{"start":{"line":253,"column":4},"end":{"line":262,"column":null}},"70":{"start":{"line":254,"column":6},"end":{"line":254,"column":null}},"71":{"start":{"line":255,"column":6},"end":{"line":258,"column":null}},"72":{"start":{"line":255,"column":22},"end":{"line":258,"column":9}},"73":{"start":{"line":256,"column":39},"end":{"line":256,"column":55}},"74":{"start":{"line":260,"column":6},"end":{"line":260,"column":null}},"75":{"start":{"line":261,"column":6},"end":{"line":261,"column":null}},"76":{"start":{"line":262,"column":6},"end":{"line":262,"column":null}}},"fnMap":{"0":{"name":"(anonymous_0)","decl":{"start":{"line":64,"column":21},"end":{"line":64,"column":40}},"loc":{"start":{"line":64,"column":54},"end":{"line":265,"column":3}},"line":64},"1":{"name":"(anonymous_1)","decl":{"start":{"line":74,"column":14},"end":{"line":74,"column":26}},"loc":{"start":{"line":74,"column":26},"end":{"line":96,"column":null}},"line":74},"2":{"name":"(anonymous_2)","decl":{"start":{"line":78,"column":38},"end":{"line":78,"column":43}},"loc":{"start":{"line":78,"column":55},"end":{"line":92,"column":9}},"line":78},"3":{"name":"(anonymous_3)","decl":{"start":{"line":100,"column":14},"end":{"line":100,"column":21}},"loc":{"start":{"line":100,"column":52},"end":{"line":141,"column":null}},"line":100},"4":{"name":"(anonymous_4)","decl":{"start":{"line":132,"column":6},"end":{"line":132,"column":11}},"loc":{"start":{"line":132,"column":22},"end":{"line":135,"column":9}},"line":132},"5":{"name":"(anonymous_5)","decl":{"start":{"line":145,"column":2},"end":{"line":145,"column":12}},"loc":{"start":{"line":145,"column":19},"end":{"line":146,"column":null}},"line":145},"6":{"name":"(anonymous_6)","decl":{"start":{"line":146,"column":23},"end":{"line":146,"column":28}},"loc":{"start":{"line":146,"column":33},"end":{"line":146,"column":45}},"line":146},"7":{"name":"(anonymous_7)","decl":{"start":{"line":149,"column":2},"end":{"line":149,"column":18}},"loc":{"start":{"line":149,"column":27},"end":{"line":150,"column":null}},"line":149},"8":{"name":"(anonymous_8)","decl":{"start":{"line":153,"column":13},"end":{"line":153,"column":20}},"loc":{"start":{"line":153,"column":31},"end":{"line":184,"column":null}},"line":153},"9":{"name":"(anonymous_9)","decl":{"start":{"line":156,"column":6},"end":{"line":156,"column":11}},"loc":{"start":{"line":156,"column":22},"end":{"line":159,"column":null}},"line":156},"10":{"name":"(anonymous_10)","decl":{"start":{"line":157,"column":27},"end":{"line":157,"column":31}},"loc":{"start":{"line":158,"column":10},"end":{"line":158,"column":null}},"line":158},"11":{"name":"(anonymous_11)","decl":{"start":{"line":164,"column":41},"end":{"line":164,"column":null}},"loc":{"start":{"line":165,"column":24},"end":{"line":170,"column":21}},"line":165},"12":{"name":"(anonymous_12)","decl":{"start":{"line":170,"column":11},"end":{"line":170,"column":21}},"loc":{"start":{"line":170,"column":21},"end":{"line":173,"column":null}},"line":170},"13":{"name":"(anonymous_13)","decl":{"start":{"line":188,"column":11},"end":{"line":188,"column":18}},"loc":{"start":{"line":188,"column":29},"end":{"line":203,"column":null}},"line":188},"14":{"name":"(anonymous_14)","decl":{"start":{"line":191,"column":6},"end":{"line":191,"column":11}},"loc":{"start":{"line":191,"column":22},"end":{"line":194,"column":null}},"line":191},"15":{"name":"(anonymous_15)","decl":{"start":{"line":192,"column":27},"end":{"line":192,"column":31}},"loc":{"start":{"line":193,"column":10},"end":{"line":193,"column":null}},"line":193},"16":{"name":"(anonymous_16)","decl":{"start":{"line":207,"column":12},"end":{"line":207,"column":19}},"loc":{"start":{"line":207,"column":32},"end":{"line":218,"column":null}},"line":207},"17":{"name":"(anonymous_17)","decl":{"start":{"line":208,"column":14},"end":{"line":208,"column":22}},"loc":{"start":{"line":208,"column":33},"end":{"line":208,"column":57}},"line":208},"18":{"name":"(anonymous_18)","decl":{"start":{"line":209,"column":29},"end":{"line":209,"column":34}},"loc":{"start":{"line":209,"column":39},"end":{"line":209,"column":64}},"line":209},"19":{"name":"(anonymous_19)","decl":{"start":{"line":211,"column":6},"end":{"line":211,"column":11}},"loc":{"start":{"line":211,"column":22},"end":{"line":214,"column":null}},"line":211},"20":{"name":"(anonymous_20)","decl":{"start":{"line":212,"column":27},"end":{"line":212,"column":31}},"loc":{"start":{"line":213,"column":10},"end":{"line":213,"column":null}},"line":213},"21":{"name":"(anonymous_21)","decl":{"start":{"line":221,"column":2},"end":{"line":221,"column":23}},"loc":{"start":{"line":221,"column":34},"end":{"line":226,"column":null}},"line":221},"22":{"name":"(anonymous_22)","decl":{"start":{"line":222,"column":4},"end":{"line":222,"column":9}},"loc":{"start":{"line":222,"column":20},"end":{"line":225,"column":null}},"line":222},"23":{"name":"(anonymous_23)","decl":{"start":{"line":223,"column":39},"end":{"line":223,"column":43}},"loc":{"start":{"line":224,"column":8},"end":{"line":224,"column":null}},"line":224},"24":{"name":"(anonymous_24)","decl":{"start":{"line":229,"column":2},"end":{"line":229,"column":14}},"loc":{"start":{"line":229,"column":24},"end":{"line":240,"column":null}},"line":229},"25":{"name":"(anonymous_25)","decl":{"start":{"line":238,"column":4},"end":{"line":238,"column":9}},"loc":{"start":{"line":238,"column":20},"end":{"line":239,"column":null}},"line":238},"26":{"name":"(anonymous_26)","decl":{"start":{"line":243,"column":2},"end":{"line":243,"column":21}},"loc":{"start":{"line":243,"column":32},"end":{"line":244,"column":null}},"line":243},"27":{"name":"(anonymous_27)","decl":{"start":{"line":244,"column":23},"end":{"line":244,"column":30}},"loc":{"start":{"line":244,"column":35},"end":{"line":244,"column":55}},"line":244},"28":{"name":"(anonymous_28)","decl":{"start":{"line":247,"column":2},"end":{"line":247,"column":24}},"loc":{"start":{"line":247,"column":40},"end":{"line":248,"column":null}},"line":247},"29":{"name":"(anonymous_29)","decl":{"start":{"line":248,"column":23},"end":{"line":248,"column":30}},"loc":{"start":{"line":248,"column":35},"end":{"line":248,"column":66}},"line":248},"30":{"name":"(anonymous_30)","decl":{"start":{"line":251,"column":14},"end":{"line":251,"column":21}},"loc":{"start":{"line":251,"column":40},"end":{"line":262,"column":null}},"line":251},"31":{"name":"(anonymous_31)","decl":{"start":{"line":255,"column":6},"end":{"line":255,"column":11}},"loc":{"start":{"line":255,"column":22},"end":{"line":258,"column":9}},"line":255},"32":{"name":"(anonymous_32)","decl":{"start":{"line":256,"column":27},"end":{"line":256,"column":34}},"loc":{"start":{"line":256,"column":39},"end":{"line":256,"column":55}},"line":256}},"branchMap":{"0":{"loc":{"start":{"line":84,"column":22},"end":{"line":84,"column":null}},"type":"binary-expr","locations":[{"start":{"line":84,"column":22},"end":{"line":84,"column":52}},{"start":{"line":84,"column":52},"end":{"line":84,"column":null}}],"line":84},"1":{"loc":{"start":{"line":86,"column":24},"end":{"line":86,"column":null}},"type":"binary-expr","locations":[{"start":{"line":86,"column":24},"end":{"line":86,"column":47}},{"start":{"line":86,"column":47},"end":{"line":86,"column":null}}],"line":86},"2":{"loc":{"start":{"line":88,"column":8},"end":{"line":88,"column":null}},"type":"cond-expr","locations":[{"start":{"line":88,"column":99},"end":{"line":88,"column":187}},{"start":{"line":88,"column":187},"end":{"line":88,"column":null}}],"line":88},"3":{"loc":{"start":{"line":88,"column":19},"end":{"line":88,"column":85}},"type":"cond-expr","locations":[{"start":{"line":88,"column":50},"end":{"line":88,"column":69}},{"start":{"line":88,"column":69},"end":{"line":88,"column":85}}],"line":88},"4":{"loc":{"start":{"line":88,"column":103},"end":{"line":88,"column":168}},"type":"cond-expr","locations":[{"start":{"line":88,"column":134},"end":{"line":88,"column":153}},{"start":{"line":88,"column":153},"end":{"line":88,"column":168}}],"line":88},"5":{"loc":{"start":{"line":89,"column":8},"end":{"line":89,"column":null}},"type":"cond-expr","locations":[{"start":{"line":89,"column":111},"end":{"line":89,"column":203}},{"start":{"line":89,"column":203},"end":{"line":89,"column":null}}],"line":89},"6":{"loc":{"start":{"line":89,"column":29},"end":{"line":89,"column":95}},"type":"cond-expr","locations":[{"start":{"line":89,"column":60},"end":{"line":89,"column":79}},{"start":{"line":89,"column":79},"end":{"line":89,"column":95}}],"line":89},"7":{"loc":{"start":{"line":89,"column":115},"end":{"line":89,"column":180}},"type":"cond-expr","locations":[{"start":{"line":89,"column":146},"end":{"line":89,"column":165}},{"start":{"line":89,"column":165},"end":{"line":89,"column":180}}],"line":89},"8":{"loc":{"start":{"line":119,"column":21},"end":{"line":119,"column":null}},"type":"binary-expr","locations":[{"start":{"line":119,"column":21},"end":{"line":119,"column":43}},{"start":{"line":119,"column":43},"end":{"line":119,"column":null}}],"line":119},"9":{"loc":{"start":{"line":126,"column":18},"end":{"line":126,"column":null}},"type":"cond-expr","locations":[{"start":{"line":126,"column":42},"end":{"line":126,"column":74}},{"start":{"line":126,"column":74},"end":{"line":126,"column":null}}],"line":126},"10":{"loc":{"start":{"line":127,"column":28},"end":{"line":127,"column":null}},"type":"cond-expr","locations":[{"start":{"line":127,"column":54},"end":{"line":127,"column":90}},{"start":{"line":127,"column":90},"end":{"line":127,"column":null}}],"line":127},"11":{"loc":{"start":{"line":158,"column":10},"end":{"line":158,"column":null}},"type":"cond-expr","locations":[{"start":{"line":158,"column":28},"end":{"line":158,"column":66}},{"start":{"line":158,"column":66},"end":{"line":158,"column":null}}],"line":158},"12":{"loc":{"start":{"line":163,"column":6},"end":{"line":181,"column":null}},"type":"if","locations":[{"start":{"line":163,"column":6},"end":{"line":181,"column":null}},{"start":{"line":180,"column":13},"end":{"line":181,"column":null}}],"line":163},"13":{"loc":{"start":{"line":193,"column":10},"end":{"line":193,"column":null}},"type":"cond-expr","locations":[{"start":{"line":193,"column":28},"end":{"line":193,"column":105}},{"start":{"line":193,"column":105},"end":{"line":193,"column":null}}],"line":193},"14":{"loc":{"start":{"line":198,"column":6},"end":{"line":200,"column":null}},"type":"if","locations":[{"start":{"line":198,"column":6},"end":{"line":200,"column":null}},{"start":{},"end":{}}],"line":198},"15":{"loc":{"start":{"line":210,"column":4},"end":{"line":216,"column":null}},"type":"if","locations":[{"start":{"line":210,"column":4},"end":{"line":216,"column":null}},{"start":{},"end":{}}],"line":210},"16":{"loc":{"start":{"line":213,"column":10},"end":{"line":213,"column":null}},"type":"cond-expr","locations":[{"start":{"line":213,"column":29},"end":{"line":213,"column":74}},{"start":{"line":213,"column":74},"end":{"line":213,"column":null}}],"line":213},"17":{"loc":{"start":{"line":224,"column":8},"end":{"line":224,"column":null}},"type":"cond-expr","locations":[{"start":{"line":224,"column":26},"end":{"line":224,"column":66}},{"start":{"line":224,"column":66},"end":{"line":224,"column":null}}],"line":224},"18":{"loc":{"start":{"line":232,"column":12},"end":{"line":232,"column":null}},"type":"binary-expr","locations":[{"start":{"line":232,"column":12},"end":{"line":232,"column":26}},{"start":{"line":232,"column":26},"end":{"line":232,"column":null}}],"line":232},"19":{"loc":{"start":{"line":233,"column":15},"end":{"line":233,"column":null}},"type":"binary-expr","locations":[{"start":{"line":233,"column":15},"end":{"line":233,"column":32}},{"start":{"line":233,"column":32},"end":{"line":233,"column":null}}],"line":233},"20":{"loc":{"start":{"line":234,"column":12},"end":{"line":234,"column":null}},"type":"binary-expr","locations":[{"start":{"line":234,"column":12},"end":{"line":234,"column":26}},{"start":{"line":234,"column":26},"end":{"line":234,"column":null}}],"line":234}},"s":{"0":1,"1":1,"2":0,"3":0,"4":0,"5":0,"6":0,"7":0,"8":0,"9":0,"10":0,"11":0,"12":0,"13":0,"14":0,"15":0,"16":0,"17":0,"18":0,"19":0,"20":0,"21":0,"22":0,"23":0,"24":0,"25":0,"26":0,"27":0,"28":0,"29":0,"30":0,"31":0,"32":0,"33":0,"34":0,"35":0,"36":0,"37":0,"38":0,"39":0,"40":0,"41":0,"42":0,"43":0,"44":0,"45":0,"46":0,"47":0,"48":0,"49":0,"50":0,"51":0,"52":0,"53":0,"54":0,"55":0,"56":0,"57":0,"58":0,"59":0,"60":0,"61":0,"62":0,"63":0,"64":0,"65":0,"66":0,"67":0,"68":0,"69":0,"70":0,"71":0,"72":0,"73":0,"74":0,"75":0,"76":0},"f":{"0":1,"1":0,"2":0,"3":0,"4":0,"5":0,"6":0,"7":0,"8":0,"9":0,"10":0,"11":0,"12":0,"13":0,"14":0,"15":0,"16":0,"17":0,"18":0,"19":0,"20":0,"21":0,"22":0,"23":0,"24":0,"25":0,"26":0,"27":0,"28":0,"29":0,"30":0,"31":0,"32":0},"b":{"0":[0,0],"1":[0,0],"2":[0,0],"3":[0,0],"4":[0,0],"5":[0,0],"6":[0,0],"7":[0,0],"8":[0,0],"9":[0,0],"10":[0,0],"11":[0,0],"12":[0,0],"13":[0,0],"14":[0,0],"15":[0,0],"16":[0,0],"17":[0,0],"18":[0,0],"19":[0,0],"20":[0,0]},"meta":{"lastBranch":21,"lastFunction":33,"lastStatement":77,"seen":{"s:64:6:265:3":0,"f:64:21:64:40":0,"s:64:54:265:3":1,"f:74:14:74:26":1,"s:75:4:75:Infinity":2,"s:76:4:96:Infinity":3,"s:77:22:77:54":4,"s:78:30:92:9":5,"f:78:38:78:43":2,"s:78:55:92:9":6,"b:84:22:84:52:84:52:84:Infinity":0,"b:86:24:86:47:86:47:86:Infinity":1,"b:88:99:88:187:88:187:88:Infinity":2,"b:88:50:88:69:88:69:88:85":3,"b:88:134:88:153:88:153:88:168":4,"b:89:111:89:203:89:203:89:Infinity":5,"b:89:60:89:79:89:79:89:95":6,"b:89:146:89:165:89:165:89:180":7,"s:93:6:93:Infinity":7,"s:95:6:95:Infinity":8,"s:96:6:96:Infinity":9,"f:100:14:100:21":3,"s:101:4:101:Infinity":10,"s:102:4:141:Infinity":11,"s:104:52:111:Infinity":12,"s:113:21:113:84":13,"s:116:28:130:Infinity":14,"b:119:21:119:43:119:43:119:Infinity":8,"b:126:42:126:74:126:74:126:Infinity":9,"b:127:54:127:90:127:90:127:Infinity":10,"s:132:6:135:Infinity":15,"f:132:6:132:11":4,"s:132:22:135:9":16,"s:137:6:137:Infinity":17,"s:139:6:139:Infinity":18,"s:140:6:140:Infinity":19,"s:141:6:141:Infinity":20,"f:145:2:145:12":5,"s:146:4:146:Infinity":21,"f:146:23:146:28":6,"s:146:33:146:45":22,"f:149:2:149:18":7,"s:150:4:150:Infinity":23,"f:153:13:153:20":8,"s:154:4:184:Infinity":24,"s:155:6:155:Infinity":25,"s:156:6:160:Infinity":26,"f:156:6:156:11":9,"s:156:22:159:Infinity":27,"f:157:27:157:31":10,"s:158:10:158:Infinity":28,"b:158:28:158:66:158:66:158:Infinity":11,"b:163:6:181:Infinity:180:13:181:Infinity":12,"s:163:6:181:Infinity":29,"s:164:19:177:Infinity":30,"f:164:41:164:Infinity":11,"s:166:44:166:Infinity":31,"s:167:12:167:Infinity":32,"s:168:12:168:Infinity":33,"f:170:11:170:21":12,"s:171:12:171:Infinity":34,"s:179:8:179:Infinity":35,"s:181:8:181:Infinity":36,"s:184:6:184:Infinity":37,"f:188:11:188:18":13,"s:189:4:203:Infinity":38,"s:190:6:190:Infinity":39,"s:191:6:195:Infinity":40,"f:191:6:191:11":14,"s:191:22:194:Infinity":41,"f:192:27:192:31":15,"s:193:10:193:Infinity":42,"b:193:28:193:105:193:105:193:Infinity":13,"s:197:26:197:31":43,"b:198:6:200:Infinity:undefined:undefined:undefined:undefined":14,"s:198:6:200:Infinity":44,"s:199:8:199:Infinity":45,"s:200:8:200:Infinity":46,"s:203:6:203:Infinity":47,"f:207:12:207:19":16,"s:208:4:208:Infinity":48,"f:208:14:208:22":17,"s:208:33:208:57":49,"s:209:17:209:64":50,"f:209:29:209:34":18,"s:209:39:209:64":51,"b:210:4:216:Infinity:undefined:undefined:undefined:undefined":15,"s:210:4:216:Infinity":52,"s:211:6:215:Infinity":53,"f:211:6:211:11":19,"s:211:22:214:Infinity":54,"f:212:27:212:31":20,"s:213:10:213:Infinity":55,"b:213:29:213:74:213:74:213:Infinity":16,"s:216:6:216:Infinity":56,"s:218:4:218:Infinity":57,"f:221:2:221:23":21,"s:222:4:226:Infinity":58,"f:222:4:222:9":22,"s:222:20:225:Infinity":59,"f:223:39:223:43":23,"s:224:8:224:Infinity":60,"b:224:26:224:66:224:66:224:Infinity":17,"f:229:2:229:14":24,"s:230:32:237:Infinity":61,"b:232:12:232:26:232:26:232:Infinity":18,"b:233:15:233:32:233:32:233:Infinity":19,"b:234:12:234:26:234:26:234:Infinity":20,"s:238:4:240:Infinity":62,"f:238:4:238:9":25,"s:238:20:239:Infinity":63,"f:243:2:243:21":26,"s:244:4:244:Infinity":64,"f:244:23:244:30":27,"s:244:35:244:55":65,"f:247:2:247:24":28,"s:248:4:248:Infinity":66,"f:248:23:248:30":29,"s:248:35:248:66":67,"f:251:14:251:21":30,"s:252:4:252:Infinity":68,"s:253:4:262:Infinity":69,"s:254:6:254:Infinity":70,"s:255:6:258:Infinity":71,"f:255:6:255:11":31,"s:255:22:258:9":72,"f:256:27:256:34":32,"s:256:39:256:55":73,"s:260:6:260:Infinity":74,"s:261:6:261:Infinity":75,"s:262:6:262:Infinity":76}}}
,"D:\\Projects\\Web_Projects\\RideSync\\src\\lib\\supabase.ts": {"path":"D:\\Projects\\Web_Projects\\RideSync\\src\\lib\\supabase.ts","statementMap":{"0":{"start":{"line":3,"column":20},"end":{"line":3,"column":null}},"1":{"start":{"line":4,"column":24},"end":{"line":4,"column":null}},"2":{"start":{"line":6,"column":0},"end":{"line":9,"column":null}},"3":{"start":{"line":7,"column":2},"end":{"line":9,"column":null}},"4":{"start":{"line":12,"column":13},"end":{"line":21,"column":null}},"5":{"start":{"line":24,"column":26},"end":{"line":24,"column":77}}},"fnMap":{},"branchMap":{"0":{"loc":{"start":{"line":6,"column":0},"end":{"line":9,"column":null}},"type":"if","locations":[{"start":{"line":6,"column":0},"end":{"line":9,"column":null}},{"start":{},"end":{}}],"line":6},"1":{"loc":{"start":{"line":6,"column":4},"end":{"line":6,"column":38}},"type":"binary-expr","locations":[{"start":{"line":6,"column":4},"end":{"line":6,"column":20}},{"start":{"line":6,"column":20},"end":{"line":6,"column":38}}],"line":6},"2":{"loc":{"start":{"line":13,"column":2},"end":{"line":13,"column":null}},"type":"binary-expr","locations":[{"start":{"line":13,"column":2},"end":{"line":13,"column":17}},{"start":{"line":13,"column":17},"end":{"line":13,"column":null}}],"line":13},"3":{"loc":{"start":{"line":14,"column":2},"end":{"line":14,"column":null}},"type":"binary-expr","locations":[{"start":{"line":14,"column":2},"end":{"line":14,"column":21}},{"start":{"line":14,"column":21},"end":{"line":14,"column":null}}],"line":14},"4":{"loc":{"start":{"line":24,"column":26},"end":{"line":24,"column":77}},"type":"binary-expr","locations":[{"start":{"line":24,"column":26},"end":{"line":24,"column":42}},{"start":{"line":24,"column":42},"end":{"line":24,"column":77}}],"line":24}},"s":{"0":2,"1":2,"2":2,"3":0,"4":2,"5":2},"f":{},"b":{"0":[0,2],"1":[2,2],"2":[2,0],"3":[2,0],"4":[2,2]},"meta":{"lastBranch":5,"lastFunction":0,"lastStatement":6,"seen":{"s:3:20:3:Infinity":0,"s:4:24:4:Infinity":1,"b:6:0:9:Infinity:undefined:undefined:undefined:undefined":0,"s:6:0:9:Infinity":2,"b:6:4:6:20:6:20:6:38":1,"s:7:2:9:Infinity":3,"s:12:13:21:Infinity":4,"b:13:2:13:17:13:17:13:Infinity":2,"b:14:2:14:21:14:21:14:Infinity":3,"s:24:26:24:77":5,"b:24:26:24:42:24:42:24:77":4}}}
,"D:\\Projects\\Web_Projects\\RideSync\\src\\lib\\utils.ts": {"path":"D:\\Projects\\Web_Projects\\RideSync\\src\\lib\\utils.ts","statementMap":{"0":{"start":{"line":5,"column":2},"end":{"line":5,"column":null}}},"fnMap":{"0":{"name":"cn","decl":{"start":{"line":4,"column":16},"end":{"line":4,"column":19}},"loc":{"start":{"line":4,"column":44},"end":{"line":5,"column":null}},"line":4}},"branchMap":{},"s":{"0":1},"f":{"0":1},"b":{},"meta":{"lastBranch":0,"lastFunction":1,"lastStatement":1,"seen":{"f:4:16:4:19":0,"s:5:2:5:Infinity":0}}}
,"D:\\Projects\\Web_Projects\\RideSync\\tests\\mocks\\handlers.ts": {"path":"D:\\Projects\\Web_Projects\\RideSync\\tests\\mocks\\handlers.ts","statementMap":{"0":{"start":{"line":3,"column":24},"end":{"line":47,"column":null}},"1":{"start":{"line":6,"column":4},"end":{"line":9,"column":null}},"2":{"start":{"line":14,"column":16},"end":{"line":14,"column":36}},"3":{"start":{"line":15,"column":21},"end":{"line":15,"column":47}},"4":{"start":{"line":18,"column":4},"end":{"line":33,"column":null}},"5":{"start":{"line":19,"column":6},"end":{"line":33,"column":null}},"6":{"start":{"line":37,"column":4},"end":{"line":46,"column":null}}},"fnMap":{"0":{"name":"(anonymous_0)","decl":{"start":{"line":5,"column":12},"end":{"line":5,"column":37}},"loc":{"start":{"line":5,"column":37},"end":{"line":10,"column":null}},"line":5},"1":{"name":"(anonymous_1)","decl":{"start":{"line":13,"column":11},"end":{"line":13,"column":31}},"loc":{"start":{"line":13,"column":47},"end":{"line":47,"column":null}},"line":13}},"branchMap":{"0":{"loc":{"start":{"line":18,"column":4},"end":{"line":33,"column":null}},"type":"if","locations":[{"start":{"line":18,"column":4},"end":{"line":33,"column":null}},{"start":{},"end":{}}],"line":18},"1":{"loc":{"start":{"line":18,"column":8},"end":{"line":18,"column":46}},"type":"binary-expr","locations":[{"start":{"line":18,"column":8},"end":{"line":18,"column":20}},{"start":{"line":18,"column":20},"end":{"line":18,"column":46}}],"line":18}},"s":{"0":2,"1":0,"2":3,"3":3,"4":3,"5":2,"6":1},"f":{"0":0,"1":3},"b":{"0":[2,1],"1":[3,2]},"meta":{"lastBranch":2,"lastFunction":2,"lastStatement":7,"seen":{"s:3:24:47:Infinity":0,"f:5:12:5:37":0,"s:6:4:9:Infinity":1,"f:13:11:13:31":1,"s:14:16:14:36":2,"s:15:21:15:47":3,"b:18:4:33:Infinity:undefined:undefined:undefined:undefined":0,"s:18:4:33:Infinity":4,"b:18:8:18:20:18:20:18:46":1,"s:19:6:33:Infinity":5,"s:37:4:46:Infinity":6}}}
}
